TN:
SF:app.js
FN:30,(anonymous_0)
FN:35,(anonymous_1)
FNF:2
FNH:2
FNDA:2,(anonymous_0)
FNDA:31,(anonymous_1)
DA:5,4
DA:6,4
DA:8,4
DA:10,4
DA:11,4
DA:12,4
DA:13,4
DA:15,4
DA:17,4
DA:19,4
DA:20,4
DA:21,4
DA:22,4
DA:24,4
DA:25,4
DA:26,4
DA:30,4
DA:31,2
DA:35,4
DA:36,31
DA:37,31
DA:38,31
DA:40,31
DA:45,4
LF:24
LH:24
BRDA:36,0,0,1
BRDA:36,0,1,30
BRDA:37,1,0,31
BRDA:37,1,1,2
BRF:4
BRH:4
end_of_record
TN:
SF:config.js
FN:13,getDatabaseUri
FNF:1
FNH:1
FNDA:17,getDatabaseUri
DA:5,9
DA:6,9
DA:8,9
DA:10,9
DA:14,17
DA:22,9
DA:24,9
DA:25,9
DA:26,9
DA:27,9
DA:28,9
DA:29,9
DA:31,9
LF:13
LH:13
BRDA:8,0,0,9
BRDA:8,0,1,8
BRDA:10,1,0,9
BRDA:10,1,1,8
BRDA:14,2,0,14
BRDA:14,2,1,3
BRDA:16,3,0,3
BRDA:16,3,1,1
BRDA:22,4,0,8
BRDA:22,4,1,1
BRF:10
BRH:10
end_of_record
TN:
SF:db.js
FNF:0
FNH:0
DA:3,6
DA:4,6
DA:8,6
DA:9,0
DA:16,6
DA:21,6
DA:23,6
LF:7
LH:6
BRDA:8,0,0,0
BRDA:8,0,1,6
BRF:2
BRH:1
end_of_record
TN:
SF:expressError.js
FN:8,(anonymous_0)
FN:18,(anonymous_1)
FN:26,(anonymous_2)
FN:34,(anonymous_3)
FN:42,(anonymous_4)
FNF:5
FNH:4
FNDA:43,(anonymous_0)
FNDA:14,(anonymous_1)
FNDA:12,(anonymous_2)
FNDA:17,(anonymous_3)
FNDA:0,(anonymous_4)
DA:9,43
DA:10,43
DA:11,43
DA:19,14
DA:27,12
DA:35,17
DA:43,0
DA:47,8
LF:8
LH:7
BRDA:18,0,0,2
BRDA:26,1,0,8
BRDA:34,2,0,0
BRDA:42,3,0,0
BRF:4
BRH:2
end_of_record
TN:
SF:helpers/sql.js
FN:9,sqlForPartialUpdate
FN:14,(anonymous_1)
FNF:2
FNH:2
FNDA:14,sqlForPartialUpdate
FNDA:25,(anonymous_1)
DA:1,7
DA:10,14
DA:11,14
DA:14,12
DA:15,25
DA:18,12
DA:24,7
LF:7
LH:7
BRDA:11,0,0,2
BRDA:11,0,1,12
BRDA:15,1,0,25
BRDA:15,1,1,11
BRF:4
BRH:4
end_of_record
TN:
SF:helpers/tokens.js
FN:6,createToken
FNF:1
FNH:1
FNDA:10,createToken
DA:1,5
DA:2,5
DA:7,10
DA:10,10
DA:15,10
DA:18,5
LF:6
LH:6
BRDA:12,0,0,10
BRDA:12,0,1,8
BRF:2
BRH:2
end_of_record
TN:
SF:middleware/auth.js
FN:18,authenticateJWT
FN:36,ensureLoggedIn
FNF:2
FNH:2
FNDA:51,authenticateJWT
FNDA:32,ensureLoggedIn
DA:5,5
DA:6,5
DA:7,5
DA:19,51
DA:20,51
DA:21,51
DA:22,26
DA:23,26
DA:25,50
DA:27,1
DA:37,32
DA:38,32
DA:39,24
DA:41,8
DA:46,5
LF:15
LH:15
BRDA:20,0,0,51
BRDA:20,0,1,50
BRDA:21,1,0,26
BRDA:21,1,1,25
BRDA:38,2,0,8
BRDA:38,2,1,24
BRF:6
BRH:6
end_of_record
TN:
SF:models/_testCommon.js
FN:6,commonBeforeAll
FN:33,commonBeforeEach
FN:37,commonAfterEach
FN:41,commonAfterAll
FNF:4
FNH:4
FNDA:2,commonBeforeAll
FNDA:31,commonBeforeEach
FNDA:31,commonAfterEach
FNDA:2,commonAfterAll
DA:1,2
DA:3,2
DA:4,2
DA:8,2
DA:10,2
DA:12,2
DA:18,2
DA:34,31
DA:38,31
DA:42,2
DA:46,2
LF:11
LH:11
BRF:0
BRH:0
end_of_record
TN:
SF:models/company.js
FN:19,(anonymous_0)
FN:54,(anonymous_1)
FN:105,(anonymous_2)
FN:135,(anonymous_3)
FN:165,(anonymous_4)
FNF:5
FNH:5
FNDA:13,(anonymous_0)
FNDA:11,(anonymous_1)
FNDA:5,(anonymous_2)
FNDA:6,(anonymous_3)
FNDA:4,(anonymous_4)
DA:3,5
DA:4,5
DA:5,5
DA:20,13
DA:26,13
DA:27,1
DA:29,12
DA:42,12
DA:44,12
DA:56,11
DA:63,11
DA:64,11
DA:66,11
DA:68,11
DA:69,2
DA:72,9
DA:73,4
DA:74,4
DA:77,9
DA:78,2
DA:79,2
DA:82,9
DA:83,3
DA:84,3
DA:87,9
DA:88,6
DA:91,9
DA:92,9
DA:94,8
DA:106,5
DA:116,5
DA:118,5
DA:120,3
DA:136,6
DA:142,5
DA:144,5
DA:152,5
DA:153,5
DA:155,5
DA:157,3
DA:166,4
DA:172,4
DA:174,4
DA:181,5
LF:44
LH:44
BRDA:26,0,0,1
BRDA:26,0,1,12
BRDA:54,1,0,1
BRDA:68,2,0,2
BRDA:68,2,1,9
BRDA:72,3,0,4
BRDA:72,3,1,5
BRDA:77,4,0,2
BRDA:77,4,1,7
BRDA:82,5,0,3
BRDA:82,5,1,6
BRDA:87,6,0,6
BRDA:87,6,1,3
BRDA:118,7,0,2
BRDA:118,7,1,3
BRDA:155,8,0,2
BRDA:155,8,1,3
BRDA:174,9,0,2
BRDA:174,9,1,2
BRF:19
BRH:19
end_of_record
TN:
SF:models/user.js
FN:24,(anonymous_0)
FN:59,(anonymous_1)
FN:104,(anonymous_2)
FN:126,(anonymous_3)
FN:162,(anonymous_4)
FN:195,(anonymous_5)
FNF:6
FNH:6
FNDA:7,(anonymous_0)
FNDA:16,(anonymous_1)
FNDA:3,(anonymous_2)
FNDA:4,(anonymous_3)
FNDA:7,(anonymous_4)
FNDA:4,(anonymous_5)
DA:3,5
DA:4,5
DA:5,5
DA:10,5
DA:12,5
DA:26,7
DA:38,7
DA:40,7
DA:42,4
DA:43,4
DA:44,3
DA:45,3
DA:49,4
DA:61,16
DA:68,16
DA:69,1
DA:72,15
DA:74,15
DA:94,15
DA:96,15
DA:105,3
DA:115,2
DA:127,4
DA:138,4
DA:140,4
DA:142,2
DA:163,7
DA:164,2
DA:167,7
DA:174,6
DA:176,6
DA:184,6
DA:185,6
DA:187,6
DA:189,4
DA:190,4
DA:196,4
DA:203,4
DA:205,4
DA:210,5
LF:40
LH:40
BRDA:40,0,0,4
BRDA:40,0,1,3
BRDA:43,1,0,3
BRDA:43,1,1,1
BRDA:68,2,0,1
BRDA:68,2,1,15
BRDA:140,3,0,2
BRDA:140,3,1,2
BRDA:163,4,0,2
BRDA:163,4,1,5
BRDA:187,5,0,2
BRDA:187,5,1,4
BRDA:205,6,0,2
BRDA:205,6,1,2
BRF:14
BRH:14
end_of_record
TN:
SF:routes/_testCommon.js
FN:8,commonBeforeAll
FN:65,commonBeforeEach
FN:69,commonAfterEach
FN:73,commonAfterAll
FNF:4
FNH:4
FNDA:3,commonBeforeAll
FNDA:46,commonBeforeEach
FNDA:46,commonAfterEach
FNDA:3,commonAfterAll
DA:3,3
DA:4,3
DA:5,3
DA:6,3
DA:10,3
DA:12,3
DA:14,3
DA:22,3
DA:30,3
DA:39,3
DA:47,3
DA:55,3
DA:66,46
DA:70,46
DA:74,3
DA:78,3
DA:81,3
LF:17
LH:17
BRF:0
BRH:0
end_of_record
TN:
SF:routes/auth.js
FN:22,(anonymous_0)
FN:26,(anonymous_1)
FN:49,(anonymous_2)
FN:53,(anonymous_3)
FNF:4
FNH:4
FNDA:5,(anonymous_0)
FNDA:2,(anonymous_1)
FNDA:3,(anonymous_2)
FNDA:5,(anonymous_3)
DA:5,4
DA:7,4
DA:8,4
DA:9,4
DA:10,4
DA:11,4
DA:12,4
DA:13,4
DA:22,4
DA:23,5
DA:24,5
DA:25,5
DA:26,2
DA:27,2
DA:30,3
DA:31,3
DA:32,1
DA:33,1
DA:35,4
DA:49,4
DA:50,3
DA:51,3
DA:52,3
DA:53,5
DA:54,2
DA:57,1
DA:58,1
DA:59,1
DA:61,2
DA:66,4
LF:30
LH:30
BRDA:25,0,0,2
BRDA:25,0,1,3
BRDA:52,1,0,2
BRDA:52,1,1,1
BRF:4
BRH:4
end_of_record
TN:
SF:routes/companies.js
FN:26,(anonymous_0)
FN:30,(anonymous_1)
FN:52,(anonymous_2)
FN:69,(anonymous_3)
FN:89,(anonymous_4)
FN:93,(anonymous_5)
FN:109,(anonymous_6)
FNF:7
FNH:7
FNDA:3,(anonymous_0)
FNDA:3,(anonymous_1)
FNDA:5,(anonymous_2)
FNDA:3,(anonymous_3)
FNDA:4,(anonymous_4)
FNDA:2,(anonymous_5)
FNDA:2,(anonymous_6)
DA:5,4
DA:6,4
DA:8,4
DA:9,4
DA:10,4
DA:12,4
DA:13,4
DA:15,4
DA:26,4
DA:27,3
DA:28,3
DA:29,3
DA:30,3
DA:31,2
DA:34,1
DA:35,1
DA:37,2
DA:52,4
DA:53,5
DA:54,5
DA:55,3
DA:57,2
DA:69,4
DA:70,3
DA:71,3
DA:72,2
DA:74,1
DA:89,4
DA:90,4
DA:91,4
DA:92,4
DA:93,2
DA:94,2
DA:97,2
DA:98,1
DA:100,3
DA:109,4
DA:110,2
DA:111,2
DA:112,1
DA:114,1
DA:118,4
LF:42
LH:42
BRDA:29,0,0,2
BRDA:29,0,1,1
BRDA:92,1,0,2
BRDA:92,1,1,2
BRF:4
BRH:4
end_of_record
TN:
SF:routes/users.js
FN:30,(anonymous_0)
FN:34,(anonymous_1)
FN:54,(anonymous_2)
FN:71,(anonymous_3)
FN:91,(anonymous_4)
FN:95,(anonymous_5)
FN:112,(anonymous_6)
FNF:7
FNH:7
FNDA:4,(anonymous_0)
FNDA:5,(anonymous_1)
FNDA:2,(anonymous_2)
FNDA:2,(anonymous_3)
FNDA:4,(anonymous_4)
FNDA:1,(anonymous_5)
FNDA:2,(anonymous_6)
DA:5,4
DA:7,4
DA:8,4
DA:9,4
DA:10,4
DA:11,4
DA:12,4
DA:13,4
DA:15,4
DA:30,4
DA:31,4
DA:32,4
DA:33,4
DA:34,5
DA:35,2
DA:38,2
DA:39,2
DA:40,2
DA:42,2
DA:54,4
DA:55,2
DA:56,2
DA:57,1
DA:59,1
DA:71,4
DA:72,2
DA:73,2
DA:74,1
DA:76,1
DA:91,4
DA:92,4
DA:93,4
DA:94,4
DA:95,1
DA:96,1
DA:99,3
DA:100,2
DA:102,2
DA:112,4
DA:113,2
DA:114,2
DA:115,1
DA:117,1
DA:122,4
LF:44
LH:44
BRDA:33,0,0,2
BRDA:33,0,1,2
BRDA:94,1,0,1
BRDA:94,1,1,3
BRF:4
BRH:4
end_of_record
